<?xml version="1.0" encoding="UTF-8"?>
<!-- Generated by org.testng.reporters.JUnitReportReporter -->
<testsuite hostname="Atish" failures="0" tests="1" name="orangeHRM_TC.LoginTest" time="26.030" errors="0" timestamp="2024-07-25T11:47:24 IST" skipped="0">
  <testcase classname="orangeHRM_TC.LoginTest" name="loginwithvalidcred" time="26.030"/>
  <system-out/>
</testsuite> <!-- orangeHRM_TC.LoginTest -->
